#
# There is insufficient memory for the Java Runtime Environment to continue.
# Native memory allocation (malloc) failed to allocate 1112736 bytes for Chunk::new
# Possible reasons:
#   The system is out of physical RAM or swap space
#   In 32 bit mode, the process size limit was hit
# Possible solutions:
#   Reduce memory load on the system
#   Increase physical memory or swap space
#   Check if swap backing store is full
#   Use 64 bit Java on a 64 bit OS
#   Decrease Java heap size (-Xmx/-Xms)
#   Decrease number of Java threads
#   Decrease Java thread stack sizes (-Xss)
#   Set larger code cache with -XX:ReservedCodeCacheSize=
# This output file may be truncated or incomplete.
#
#  Out of Memory Error (allocation.cpp:390), pid=13804, tid=0x0000000000004e3c
#
# JRE version: Java(TM) SE Runtime Environment (8.0_144-b01) (build 1.8.0_144-b01)
# Java VM: Java HotSpot(TM) 64-Bit Server VM (25.144-b01 mixed mode windows-amd64 compressed oops)
# Failed to write core dump. Minidumps are not enabled by default on client versions of Windows
#

---------------  T H R E A D  ---------------

Current thread (0x000000001d445000):  JavaThread "C2 CompilerThread0" daemon [_thread_in_native, id=20028, stack(0x000000001db20000,0x000000001dc20000)]

Stack: [0x000000001db20000,0x000000001dc20000]
[error occurred during error reporting (printing stack bounds), id 0xc0000005]

Native frames: (J=compiled Java code, j=interpreted, Vv=VM code, C=native code)


Current CompileTask:
C2:   3254 3294   !   4       java.net.URLClassLoader$1::run (63 bytes)


---------------  P R O C E S S  ---------------

Java Threads: ( => current thread )
  0x000000001d4ea800 JavaThread "Service Thread" daemon [_thread_blocked, id=13400, stack(0x000000001de20000,0x000000001df20000)]
  0x000000001d44b000 JavaThread "C1 CompilerThread2" daemon [_thread_blocked, id=11144, stack(0x000000001dd20000,0x000000001de20000)]
  0x000000001d449000 JavaThread "C2 CompilerThread1" daemon [_thread_in_native, id=16080, stack(0x000000001dc20000,0x000000001dd20000)]
=>0x000000001d445000 JavaThread "C2 CompilerThread0" daemon [_thread_in_native, id=20028, stack(0x000000001db20000,0x000000001dc20000)]
  0x000000001d443800 JavaThread "Monitor Ctrl-Break" daemon [_thread_in_native, id=16056, stack(0x000000001da20000,0x000000001db20000)]
  0x000000001c0bd000 JavaThread "Attach Listener" daemon [_thread_blocked, id=16372, stack(0x000000001d910000,0x000000001da10000)]
  0x000000001d418800 JavaThread "Signal Dispatcher" daemon [_thread_blocked, id=16472, stack(0x000000001d810000,0x000000001d910000)]
  0x0000000002add000 JavaThread "Finalizer" daemon [_thread_blocked, id=17128, stack(0x000000001d310000,0x000000001d410000)]
  0x0000000002ad2000 JavaThread "Reference Handler" daemon [_thread_blocked, id=19196, stack(0x000000001d210000,0x000000001d310000)]
  0x000000000239e000 JavaThread "main" [_thread_in_vm, id=16268, stack(0x0000000002720000,0x0000000002820000)]

Other Threads:
  0x000000001c077000 VMThread [stack: 0x000000001d110000,0x000000001d210000] [id=8000]
  0x000000001d510800 WatcherThread [stack: 0x000000001df20000,0x000000001e020000] [id=4268]

VM state:not at safepoint (normal execution)

VM Mutex/Monitor currently owned by a thread: None

Heap:
 PSYoungGen      total 76288K, used 69698K [0x000000076b400000, 0x0000000774900000, 0x00000007c0000000)
  eden space 65536K, 89% used [0x000000076b400000,0x000000076ed928c0,0x000000076f400000)
  from space 10752K, 99% used [0x000000076f400000,0x000000076fe7e030,0x000000076fe80000)
  to   space 10752K, 0% used [0x0000000773e80000,0x0000000773e80000,0x0000000774900000)
 ParOldGen       total 175104K, used 5805K [0x00000006c1c00000, 0x00000006cc700000, 0x000000076b400000)
  object space 175104K, 3% used [0x00000006c1c00000,0x00000006c21ab4c0,0x00000006cc700000)
 Metaspace       used 19293K, capacity 19788K, committed 19968K, reserved 1067008K
  class space    used 2313K, capacity 2486K, committed 2560K, reserved 1048576K

Card table byte_map: [0x0000000011ea0000,0x00000000126a0000] byte_map_base: 0x000000000e892000

Marking Bits: (ParMarkBitMap*) 0x000000006d21d850
 Begin Bits: [0x0000000012ff0000, 0x0000000016f80000)
 End Bits:   [0x0000000016f80000, 0x000000001af10000)

Polling page: 0x0000000002360000

CodeCache: size=245760Kb used=11361Kb max_used=11377Kb free=234398Kb
 bounds [0x0000000002ae0000, 0x0000000003610000, 0x0000000011ae0000]
 total_blobs=3654 nmethods=3290 adapters=276
 compilation: enabled

Compilation events (10 events):
Event: 3.196 Thread 0x000000001d44b000 3305       3       com.sun.tools.javac.util.Name$Table::equals (44 bytes)
Event: 3.197 Thread 0x000000001d44b000 nmethod 3305 0x00000000035f8510 code [0x00000000035f8680, 0x00000000035f8930]
Event: 3.197 Thread 0x000000001d44b000 3306       1       com.sun.tools.javac.code.Symbol$PackageSymbol::getQualifiedName (5 bytes)
Event: 3.197 Thread 0x000000001d44b000 nmethod 3306 0x00000000035eea50 code [0x00000000035eeba0, 0x00000000035eecb0]
Event: 3.198 Thread 0x000000001d44b000 3307       3       com.sun.tools.javac.util.ArrayUtils::ensureCapacity (30 bytes)
Event: 3.198 Thread 0x000000001d44b000 nmethod 3307 0x00000000035f7e50 code [0x00000000035f7fe0, 0x00000000035f8388]
Event: 3.198 Thread 0x000000001d44b000 3308       3       com.sun.tools.javac.util.List::nil (4 bytes)
Event: 3.198 Thread 0x000000001d44b000 nmethod 3308 0x00000000035f7b50 code [0x00000000035f7ca0, 0x00000000035f7dd0]
Event: 3.198 Thread 0x000000001d44b000 3309       3       com.sun.tools.javac.code.AnnoConstruct::<init> (5 bytes)
Event: 3.198 Thread 0x000000001d44b000 nmethod 3309 0x00000000035f7790 code [0x00000000035f78e0, 0x00000000035f7a90]

GC Heap History (6 events):
Event: 0.696 GC heap before
{Heap before GC invocations=1 (full 0):
 PSYoungGen      total 76288K, used 65536K [0x000000076b400000, 0x0000000770900000, 0x00000007c0000000)
  eden space 65536K, 100% used [0x000000076b400000,0x000000076f400000,0x000000076f400000)
  from space 10752K, 0% used [0x000000076fe80000,0x000000076fe80000,0x0000000770900000)
  to   space 10752K, 0% used [0x000000076f400000,0x000000076f400000,0x000000076fe80000)
 ParOldGen       total 175104K, used 0K [0x00000006c1c00000, 0x00000006cc700000, 0x000000076b400000)
  object space 175104K, 0% used [0x00000006c1c00000,0x00000006c1c00000,0x00000006cc700000)
 Metaspace       used 11423K, capacity 11750K, committed 11776K, reserved 1058816K
  class space    used 1432K, capacity 1511K, committed 1536K, reserved 1048576K
Event: 0.702 GC heap after
Heap after GC invocations=1 (full 0):
 PSYoungGen      total 76288K, used 9413K [0x000000076b400000, 0x0000000770900000, 0x00000007c0000000)
  eden space 65536K, 0% used [0x000000076b400000,0x000000076b400000,0x000000076f400000)
  from space 10752K, 87% used [0x000000076f400000,0x000000076fd31588,0x000000076fe80000)
  to   space 10752K, 0% used [0x000000076fe80000,0x000000076fe80000,0x0000000770900000)
 ParOldGen       total 175104K, used 16K [0x00000006c1c00000, 0x00000006cc700000, 0x000000076b400000)
  object space 175104K, 0% used [0x00000006c1c00000,0x00000006c1c04000,0x00000006cc700000)
 Metaspace       used 11423K, capacity 11750K, committed 11776K, reserved 1058816K
  class space    used 1432K, capacity 1511K, committed 1536K, reserved 1048576K
}
Event: 1.270 GC heap before
{Heap before GC invocations=2 (full 0):
 PSYoungGen      total 76288K, used 74949K [0x000000076b400000, 0x0000000770900000, 0x00000007c0000000)
  eden space 65536K, 100% used [0x000000076b400000,0x000000076f400000,0x000000076f400000)
  from space 10752K, 87% used [0x000000076f400000,0x000000076fd31588,0x000000076fe80000)
  to   space 10752K, 0% used [0x000000076fe80000,0x000000076fe80000,0x0000000770900000)
 ParOldGen       total 175104K, used 16K [0x00000006c1c00000, 0x00000006cc700000, 0x000000076b400000)
  object space 175104K, 0% used [0x00000006c1c00000,0x00000006c1c04000,0x00000006cc700000)
 Metaspace       used 15298K, capacity 15602K, committed 15872K, reserved 1062912K
  class space    used 1859K, capacity 1945K, committed 2048K, reserved 1048576K
Event: 1.281 GC heap after
Heap after GC invocations=2 (full 0):
 PSYoungGen      total 76288K, used 10727K [0x000000076b400000, 0x0000000774900000, 0x00000007c0000000)
  eden space 65536K, 0% used [0x000000076b400000,0x000000076b400000,0x000000076f400000)
  from space 10752K, 99% used [0x000000076fe80000,0x00000007708f9e88,0x0000000770900000)
  to   space 10752K, 0% used [0x000000076f400000,0x000000076f400000,0x000000076fe80000)
 ParOldGen       total 175104K, used 1302K [0x00000006c1c00000, 0x00000006cc700000, 0x000000076b400000)
  object space 175104K, 0% used [0x00000006c1c00000,0x00000006c1d45ba0,0x00000006cc700000)
 Metaspace       used 15298K, capacity 15602K, committed 15872K, reserved 1062912K
  class space    used 1859K, capacity 1945K, committed 2048K, reserved 1048576K
}
Event: 1.663 GC heap before
{Heap before GC invocations=3 (full 0):
 PSYoungGen      total 76288K, used 76263K [0x000000076b400000, 0x0000000774900000, 0x00000007c0000000)
  eden space 65536K, 100% used [0x000000076b400000,0x000000076f400000,0x000000076f400000)
  from space 10752K, 99% used [0x000000076fe80000,0x00000007708f9e88,0x0000000770900000)
  to   space 10752K, 0% used [0x000000076f400000,0x000000076f400000,0x000000076fe80000)
 ParOldGen       total 175104K, used 1302K [0x00000006c1c00000, 0x00000006cc700000, 0x000000076b400000)
  object space 175104K, 0% used [0x00000006c1c00000,0x00000006c1d45ba0,0x00000006cc700000)
 Metaspace       used 15914K, capacity 16228K, committed 16384K, reserved 1062912K
  class space    used 1895K, capacity 1980K, committed 2048K, reserved 1048576K
Event: 1.679 GC heap after
Heap after GC invocations=3 (full 0):
 PSYoungGen      total 76288K, used 10744K [0x000000076b400000, 0x0000000774900000, 0x00000007c0000000)
  eden space 65536K, 0% used [0x000000076b400000,0x000000076b400000,0x000000076f400000)
  from space 10752K, 99% used [0x000000076f400000,0x000000076fe7e030,0x000000076fe80000)
  to   space 10752K, 0% used [0x0000000773e80000,0x0000000773e80000,0x0000000774900000)
 ParOldGen       total 175104K, used 5805K [0x00000006c1c00000, 0x00000006cc700000, 0x000000076b400000)
  object space 175104K, 3% used [0x00000006c1c00000,0x00000006c21ab4c0,0x00000006cc700000)
 Metaspace       used 15914K, capacity 16228K, committed 16384K, reserved 1062912K
  class space    used 1895K, capacity 1980K, committed 2048K, reserved 1048576K
}

Deoptimization events (10 events):
Event: 1.630 Thread 0x000000000239e000 Uncommon trap: reason=unstable_if action=reinterpret pc=0x0000000002e6328c method=java.util.HashMap.getNode(ILjava/lang/Object;)Ljava/util/HashMap$Node; @ 53
Event: 1.696 Thread 0x000000000239e000 Uncommon trap: reason=bimorphic action=maybe_recompile pc=0x0000000003030e7c method=java.util.concurrent.ConcurrentHashMap.get(Ljava/lang/Object;)Ljava/lang/Object; @ 149
Event: 1.698 Thread 0x000000000239e000 Uncommon trap: reason=bimorphic action=maybe_recompile pc=0x0000000003030e7c method=java.util.concurrent.ConcurrentHashMap.get(Ljava/lang/Object;)Ljava/lang/Object; @ 149
Event: 1.701 Thread 0x000000000239e000 Uncommon trap: reason=bimorphic action=maybe_recompile pc=0x0000000003030e7c method=java.util.concurrent.ConcurrentHashMap.get(Ljava/lang/Object;)Ljava/lang/Object; @ 149
Event: 1.730 Thread 0x000000000239e000 Uncommon trap: reason=bimorphic action=maybe_recompile pc=0x0000000003030e7c method=java.util.concurrent.ConcurrentHashMap.get(Ljava/lang/Object;)Ljava/lang/Object; @ 149
Event: 1.783 Thread 0x000000000239e000 Uncommon trap: reason=intrinsic action=make_not_entrant pc=0x00000000030cae60 method=org.apache.maven.model.Dependency.getManagementKey()Ljava/lang/String; @ 8
Event: 1.873 Thread 0x000000000239e000 Uncommon trap: reason=bimorphic action=maybe_recompile pc=0x000000000307d1e8 method=java.util.regex.Pattern$CharProperty.match(Ljava/util/regex/Matcher;ILjava/lang/CharSequence;)Z @ 37
Event: 2.960 Thread 0x000000000239e000 Uncommon trap: reason=intrinsic action=make_not_entrant pc=0x00000000032a99fc method=org.apache.maven.model.Dependency.getManagementKey()Ljava/lang/String; @ 8
Event: 3.063 Thread 0x000000000239e000 Uncommon trap: reason=bimorphic action=maybe_recompile pc=0x000000000307d1e8 method=java.util.regex.Pattern$CharProperty.match(Ljava/util/regex/Matcher;ILjava/lang/CharSequence;)Z @ 37
Event: 3.067 Thread 0x000000000239e000 Uncommon trap: reason=unstable_if action=reinterpret pc=0x000000000349ffd8 method=com.google.inject.internal.InjectorImpl.callInContext(Lcom/google/inject/internal/ContextualCallable;)Ljava/lang/Object; @ 161

Internal exceptions (10 events):
Event: 0.825 Thread 0x000000000239e000 Exception <a 'java/lang/NoClassDefFoundError'> (0x000000076bf09740) thrown at [C:\re\workspace\8-2-build-windows-amd64-cygwin\jdk8u144\9417\hotspot\src\share\vm\prims\jvm.cpp, line 1394]
Event: 0.825 Thread 0x000000000239e000 Exception <a 'java/lang/NoClassDefFoundError': javax/annotation/Priority> (0x000000076bf0e560) thrown at [C:\re\workspace\8-2-build-windows-amd64-cygwin\jdk8u144\9417\hotspot\src\share\vm\classfile\systemDictionary.cpp, line 199]
Event: 0.908 Thread 0x000000000239e000 Implicit null exception at 0x0000000002cc1b1b to 0x0000000002cc1d05
Event: 1.045 Thread 0x000000000239e000 Implicit null exception at 0x0000000003085aa7 to 0x0000000003086dc5
Event: 1.240 Thread 0x000000000239e000 Implicit null exception at 0x0000000002e71d95 to 0x0000000002e71f99
Event: 1.318 Thread 0x000000000239e000 Implicit null exception at 0x00000000032300c3 to 0x000000000323030d
Event: 1.607 Thread 0x000000000239e000 Implicit null exception at 0x0000000002f1d198 to 0x0000000002f1d226
Event: 1.618 Thread 0x000000000239e000 Implicit null exception at 0x0000000003371ba5 to 0x0000000003373bc9
Event: 3.067 Thread 0x000000000239e000 Implicit null exception at 0x000000000349ec60 to 0x000000000349ffb9
Event: 3.106 Thread 0x000000000239e000 Exception <a 'java/lang/ClassNotFoundException': com/sun/tools/javac/api/JavacTool> (0x000000076e4d6890) thrown at [C:\re\workspace\8-2-build-windows-amd64-cygwin\jdk8u144\9417\hotspot\src\share\vm\classfile\systemDictionary.cpp, line 210]

Events (10 events):
Event: 3.252 loading class com/sun/tools/javac/tree/JCTree$LetExpr
Event: 3.252 loading class com/sun/tools/javac/tree/JCTree$LetExpr done
Event: 3.252 loading class com/sun/tools/javac/tree/JCTree$JCLabeledStatement
Event: 3.252 loading class com/sun/tools/javac/tree/JCTree$JCLabeledStatement done
Event: 3.252 loading class com/sun/source/tree/LabeledStatementTree
Event: 3.252 loading class com/sun/source/tree/LabeledStatementTree done
Event: 3.252 loading class com/sun/tools/javac/tree/JCTree$JCExpressionStatement
Event: 3.252 loading class com/sun/tools/javac/tree/JCTree$JCExpressionStatement done
Event: 3.252 loading class com/sun/source/tree/ExpressionStatementTree
Event: 3.252 loading class com/sun/source/tree/ExpressionStatementTree done


Dynamic libraries:
0x00007ff79c800000 - 0x00007ff79c837000 	C:\Program Files\Java\jdk1.8.0_144\bin\java.exe
0x00007fffea9b0000 - 0x00007fffeab8b000 	C:\WINDOWS\SYSTEM32\ntdll.dll
0x00007fffe9630000 - 0x00007fffe96de000 	C:\WINDOWS\System32\KERNEL32.DLL
0x00007fffe7030000 - 0x00007fffe7279000 	C:\WINDOWS\System32\KERNELBASE.dll
0x00007fffe9580000 - 0x00007fffe9621000 	C:\WINDOWS\System32\ADVAPI32.dll
0x00007fffe7fa0000 - 0x00007fffe803d000 	C:\WINDOWS\System32\msvcrt.dll
0x00007fffe7f10000 - 0x00007fffe7f69000 	C:\WINDOWS\System32\sechost.dll
0x00007fffe99b0000 - 0x00007fffe9ad5000 	C:\WINDOWS\System32\RPCRT4.dll
0x00007fffea860000 - 0x00007fffea9aa000 	C:\WINDOWS\System32\USER32.dll
0x00007fffe7280000 - 0x00007fffe729e000 	C:\WINDOWS\System32\win32u.dll
0x00007fffea630000 - 0x00007fffea657000 	C:\WINDOWS\System32\GDI32.dll
0x00007fffe7560000 - 0x00007fffe76e7000 	C:\WINDOWS\System32\gdi32full.dll
0x00007fffe74c0000 - 0x00007fffe755a000 	C:\WINDOWS\System32\msvcp_win.dll
0x00007fffe6ed0000 - 0x00007fffe6fc6000 	C:\WINDOWS\System32\ucrtbase.dll
0x00007fffe1e30000 - 0x00007fffe2097000 	C:\WINDOWS\WinSxS\amd64_microsoft.windows.common-controls_6595b64144ccf1df_6.0.15063.483_none_26002d27e7c744a2\COMCTL32.dll
0x00007fffe9c20000 - 0x00007fffe9f19000 	C:\WINDOWS\System32\combase.dll
0x00007fffe76f0000 - 0x00007fffe775a000 	C:\WINDOWS\System32\bcryptPrimitives.dll
0x00007fffe7f70000 - 0x00007fffe7f9d000 	C:\WINDOWS\System32\IMM32.DLL
0x000000006d2a0000 - 0x000000006d372000 	C:\Program Files\Java\jdk1.8.0_144\jre\bin\msvcr100.dll
0x000000006ca00000 - 0x000000006d29d000 	C:\Program Files\Java\jdk1.8.0_144\jre\bin\server\jvm.dll
0x00007fffe99a0000 - 0x00007fffe99a8000 	C:\WINDOWS\System32\PSAPI.DLL
0x00007fffe26f0000 - 0x00007fffe2713000 	C:\WINDOWS\SYSTEM32\WINMM.dll
0x00007fffde100000 - 0x00007fffde109000 	C:\WINDOWS\SYSTEM32\WSOCK32.dll
0x00007fffe97c0000 - 0x00007fffe982c000 	C:\WINDOWS\System32\WS2_32.dll
0x00007fffe26b0000 - 0x00007fffe26db000 	C:\WINDOWS\SYSTEM32\WINMMBASE.dll
0x00007fffe7470000 - 0x00007fffe74b9000 	C:\WINDOWS\System32\cfgmgr32.dll
0x00007fffe20a0000 - 0x00007fffe20aa000 	C:\WINDOWS\SYSTEM32\VERSION.dll
0x000000006c9f0000 - 0x000000006c9ff000 	C:\Program Files\Java\jdk1.8.0_144\jre\bin\verify.dll
0x000000006c9c0000 - 0x000000006c9e9000 	C:\Program Files\Java\jdk1.8.0_144\jre\bin\java.dll
0x000000006c7e0000 - 0x000000006c803000 	C:\Program Files\Java\jdk1.8.0_144\jre\bin\instrument.dll
0x000000006c9a0000 - 0x000000006c9b6000 	C:\Program Files\Java\jdk1.8.0_144\jre\bin\zip.dll
0x00007fffe80e0000 - 0x00007fffe9517000 	C:\WINDOWS\System32\SHELL32.dll
0x00007fffe9830000 - 0x00007fffe98da000 	C:\WINDOWS\System32\shcore.dll
0x00007fffe7810000 - 0x00007fffe7f01000 	C:\WINDOWS\System32\windows.storage.dll
0x00007fffe96e0000 - 0x00007fffe9731000 	C:\WINDOWS\System32\shlwapi.dll
0x00007fffe6e40000 - 0x00007fffe6e51000 	C:\WINDOWS\System32\kernel.appcore.dll
0x00007fffe6e60000 - 0x00007fffe6eac000 	C:\WINDOWS\System32\powrprof.dll
0x00007fffe6eb0000 - 0x00007fffe6ec5000 	C:\WINDOWS\System32\profapi.dll
0x00007fffe0ed0000 - 0x00007fffe0eea000 	C:\Program Files\JetBrains\IntelliJ IDEA 2017.2.5\bin\breakgen64.dll
0x000000006c930000 - 0x000000006c94a000 	C:\Program Files\Java\jdk1.8.0_144\jre\bin\net.dll
0x00007fffe66a0000 - 0x00007fffe66fc000 	C:\WINDOWS\system32\mswsock.dll
0x000000006c910000 - 0x000000006c921000 	C:\Program Files\Java\jdk1.8.0_144\jre\bin\nio.dll

VM Arguments:
jvm_args: -Dmaven.multiModuleProjectDirectory=D:\git\pxsc -Dmaven.home=C:\Program Files\JetBrains\IntelliJ IDEA 2017.2.5\plugins\maven\lib\maven3 -Dclassworlds.conf=C:\Program Files\JetBrains\IntelliJ IDEA 2017.2.5\plugins\maven\lib\maven3\bin\m2.conf -javaagent:C:\Program Files\JetBrains\IntelliJ IDEA 2017.2.5\lib\idea_rt.jar=60969:C:\Program Files\JetBrains\IntelliJ IDEA 2017.2.5\bin -Dfile.encoding=UTF-8 
java_command: org.codehaus.classworlds.Launcher -Didea.version=2017.2.6 package
java_class_path (initial): C:\Program Files\JetBrains\IntelliJ IDEA 2017.2.5\plugins\maven\lib\maven3\boot\plexus-classworlds-2.5.2.jar;C:\Program Files\JetBrains\IntelliJ IDEA 2017.2.5\lib\idea_rt.jar
Launcher Type: SUN_STANDARD

Environment Variables:
JAVA_HOME=C:\Program Files\Java\jdk1.8.0_144
CLASSPATH=.;C:\Program Files\Java\jdk1.8.0_144\lib\dt.jar;C:\Program Files\Java\jdk1.8.0_144\lib\tools.jar
PATH=C:\ProgramData\Oracle\Java\javapath;C:\WINDOWS\system32;C:\WINDOWS;C:\WINDOWS\System32\Wbem;C:\WINDOWS\System32\WindowsPowerShell\v1.0\;C:\Program Files\TortoiseSVN\bin;¡°.;JAVA_HOME%\bin;D:\Program Files\adb;C:\Program Files\Git\cmd;C:\Program Files\apache-maven-3.5.2\bin;C:\Users\iori\AppData\Local\Programs\Python\Python36-32\Scripts\;C:\Users\iori\AppData\Local\Programs\Python\Python36-32\;C:\Users\iori\AppData\Local\Microsoft\WindowsApps;C:\Users\iori\AppData\Local\Apps\cURL\bin
USERNAME=iori
OS=Windows_NT
PROCESSOR_IDENTIFIER=Intel64 Family 6 Model 94 Stepping 3, GenuineIntel



---------------  S Y S T E M  ---------------

OS: Windows 10.0 , 64 bit Build 15063 (10.0.15063.296)

CPU:total 4 (initial active 4) (4 cores per cpu, 1 threads per core) family 6 model 94 stepping 3, cmov, cx8, fxsr, mmx, sse, sse2, sse3, ssse3, sse4.1, sse4.2, popcnt, avx, avx2, aes, clmul, erms, rtm, 3dnowpref, lzcnt, tsc, tscinvbit, bmi1, bmi2, adx

Memory: 4k page, physical 16659400k(9912396k free), swap 31194912k(5380k free)

vm_info: Java HotSpot(TM) 64-Bit Server VM (25.144-b01) for windows-amd64 JRE (1.8.0_144-b01), built on Jul 21 2017 21:57:33 by "java_re" with MS VC++ 10.0 (VS2010)

time: Tue Feb 06 21:47:18 2018
elapsed time: 3 seconds (0d 0h 0m 3s)

